mode: count
KnowEase/controllers/QA.go:23.211,25.2 1 0
KnowEase/controllers/QA.go:38.59,40.40 2 0
KnowEase/controllers/QA.go:40.40,43.3 2 0
KnowEase/controllers/QA.go:44.2,46.16 3 0
KnowEase/controllers/QA.go:46.16,49.3 2 0
KnowEase/controllers/QA.go:50.2,50.23 1 0
KnowEase/controllers/QA.go:50.23,53.3 2 0
KnowEase/controllers/QA.go:54.2,54.95 1 0
KnowEase/controllers/QA.go:68.52,71.18 3 0
KnowEase/controllers/QA.go:71.18,74.3 2 0
KnowEase/controllers/QA.go:75.2,75.40 1 0
KnowEase/controllers/QA.go:75.40,78.3 2 0
KnowEase/controllers/QA.go:79.2,80.6 2 0
KnowEase/controllers/QA.go:80.6,84.36 3 0
KnowEase/controllers/QA.go:84.36,85.9 1 0
KnowEase/controllers/QA.go:88.2,89.16 2 0
KnowEase/controllers/QA.go:89.16,92.3 2 0
KnowEase/controllers/QA.go:93.2,95.51 3 0
KnowEase/controllers/QA.go:95.51,98.3 2 0
KnowEase/controllers/QA.go:99.2,99.88 1 0
KnowEase/controllers/QA.go:112.51,114.18 2 0
KnowEase/controllers/QA.go:114.18,117.3 2 0
KnowEase/controllers/QA.go:118.2,118.54 1 0
KnowEase/controllers/QA.go:118.54,121.3 2 0
KnowEase/controllers/QA.go:122.2,122.73 1 0
KnowEase/controllers/QA.go:135.52,137.42 2 0
KnowEase/controllers/QA.go:137.42,140.3 2 0
KnowEase/controllers/QA.go:141.2,142.70 2 0
KnowEase/controllers/QA.go:142.70,145.3 2 0
KnowEase/controllers/QA.go:146.2,146.56 1 0
KnowEase/controllers/QA.go:146.56,149.3 2 0
KnowEase/controllers/QA.go:150.2,150.73 1 0
KnowEase/controllers/QA.go:163.55,165.18 2 0
KnowEase/controllers/QA.go:165.18,168.3 2 0
KnowEase/controllers/QA.go:169.2,170.16 2 0
KnowEase/controllers/QA.go:170.16,173.3 2 0
KnowEase/controllers/QA.go:174.2,177.4 1 0
KnowEase/controllers/QA.go:190.57,192.41 2 0
KnowEase/controllers/QA.go:192.41,195.3 2 0
KnowEase/controllers/QA.go:196.2,197.16 2 0
KnowEase/controllers/QA.go:197.16,201.3 2 0
KnowEase/controllers/QA.go:202.2,202.88 1 0
KnowEase/controllers/QA.go:215.52,217.18 2 0
KnowEase/controllers/QA.go:217.18,220.3 2 0
KnowEase/controllers/QA.go:221.2,222.16 2 0
KnowEase/controllers/QA.go:222.16,225.3 2 0
KnowEase/controllers/QA.go:226.2,229.4 1 0
KnowEase/controllers/QA.go:242.55,244.41 2 0
KnowEase/controllers/QA.go:244.41,247.3 2 0
KnowEase/controllers/QA.go:248.2,249.16 2 0
KnowEase/controllers/QA.go:249.16,253.3 2 0
KnowEase/controllers/QA.go:254.2,255.81 2 0
KnowEase/controllers/QA.go:267.56,269.18 2 0
KnowEase/controllers/QA.go:269.18,272.3 2 0
KnowEase/controllers/QA.go:273.2,276.47 4 0
KnowEase/controllers/QA.go:276.47,279.3 2 0
KnowEase/controllers/QA.go:280.2,280.111 1 0
KnowEase/controllers/QA.go:284.47,286.2 1 0
KnowEase/controllers/ai_chat.go:24.85,26.2 1 0
KnowEase/controllers/ai_chat.go:39.64,41.49 2 0
KnowEase/controllers/ai_chat.go:41.49,44.3 2 0
KnowEase/controllers/ai_chat.go:45.2,49.13 5 0
KnowEase/controllers/ai_chat.go:49.13,53.3 3 0
KnowEase/controllers/ai_chat.go:54.2,58.65 5 0
KnowEase/controllers/ai_chat.go:62.44,63.41 1 0
KnowEase/controllers/ai_chat.go:63.41,65.35 1 0
KnowEase/controllers/ai_chat.go:65.35,67.10 1 0
KnowEase/controllers/ai_chat.go:80.58,92.28 10 0
KnowEase/controllers/ai_chat.go:92.28,94.3 1 0
KnowEase/controllers/ai_chat.go:95.2,98.15 3 0
KnowEase/controllers/ai_chat.go:98.15,100.39 2 0
KnowEase/controllers/ai_chat.go:100.39,101.22 1 0
KnowEase/controllers/ai_chat.go:101.22,103.10 2 0
KnowEase/controllers/ai_chat.go:106.3,107.19 2 0
KnowEase/controllers/ai_chat.go:111.2,111.12 1 0
KnowEase/controllers/ai_chat.go:111.12,112.7 1 0
KnowEase/controllers/ai_chat.go:112.7,114.80 2 0
KnowEase/controllers/ai_chat.go:114.80,116.5 1 0
KnowEase/controllers/ai_chat.go:121.2,122.12 2 0
KnowEase/controllers/ai_chat.go:122.12,125.3 2 0
KnowEase/controllers/ai_chat.go:128.2,128.6 1 0
KnowEase/controllers/ai_chat.go:128.6,129.10 1 0
KnowEase/controllers/ai_chat.go:130.28,131.73 1 0
KnowEase/controllers/ai_chat.go:131.73,134.5 2 0
KnowEase/controllers/ai_chat.go:135.4,136.20 2 0
KnowEase/controllers/ai_chat.go:138.39,139.80 1 0
KnowEase/controllers/ai_chat.go:139.80,141.5 1 0
KnowEase/controllers/ai_chat.go:143.37,145.10 2 0
KnowEase/controllers/ai_chat.go:162.63,165.27 3 0
KnowEase/controllers/ai_chat.go:165.27,168.3 2 0
KnowEase/controllers/ai_chat.go:169.2,170.13 2 0
KnowEase/controllers/ai_chat.go:170.13,173.3 2 0
KnowEase/controllers/ai_chat.go:174.2,174.97 1 0
KnowEase/controllers/ai_chat.go:188.62,190.15 2 0
KnowEase/controllers/ai_chat.go:190.15,193.3 2 0
KnowEase/controllers/ai_chat.go:194.2,195.13 2 0
KnowEase/controllers/ai_chat.go:195.13,198.3 2 0
KnowEase/controllers/ai_chat.go:199.2,199.96 1 0
KnowEase/controllers/ai_chat.go:213.58,215.45 2 0
KnowEase/controllers/ai_chat.go:215.45,218.3 2 0
KnowEase/controllers/ai_chat.go:219.2,220.13 2 0
KnowEase/controllers/ai_chat.go:220.13,223.3 2 0
KnowEase/controllers/ai_chat.go:224.2,224.100 1 0
KnowEase/controllers/like.go:20.147,22.2 1 0
KnowEase/controllers/like.go:36.53,40.44 4 0
KnowEase/controllers/like.go:40.44,43.3 2 0
KnowEase/controllers/like.go:44.2,46.100 3 0
KnowEase/controllers/like.go:46.100,49.3 2 0
KnowEase/controllers/like.go:50.2,51.108 2 0
KnowEase/controllers/like.go:51.108,53.3 1 0
KnowEase/controllers/like.go:54.2,54.67 1 0
KnowEase/controllers/like.go:69.55,73.44 4 0
KnowEase/controllers/like.go:73.44,76.3 2 0
KnowEase/controllers/like.go:77.2,77.102 1 0
KnowEase/controllers/like.go:77.102,80.3 2 0
KnowEase/controllers/like.go:81.2,81.67 1 0
KnowEase/controllers/like.go:94.57,96.18 2 0
KnowEase/controllers/like.go:96.18,99.3 2 0
KnowEase/controllers/like.go:100.2,103.47 4 0
KnowEase/controllers/like.go:103.47,107.3 3 0
KnowEase/controllers/like.go:108.2,108.164 1 0
KnowEase/controllers/like.go:122.58,125.32 3 0
KnowEase/controllers/like.go:125.32,128.3 2 0
KnowEase/controllers/like.go:129.2,130.16 2 0
KnowEase/controllers/like.go:130.16,133.3 2 0
KnowEase/controllers/like.go:134.2,135.16 2 0
KnowEase/controllers/like.go:135.16,138.3 2 0
KnowEase/controllers/like.go:139.2,142.4 1 0
KnowEase/controllers/like.go:157.53,161.44 4 0
KnowEase/controllers/like.go:161.44,164.3 2 0
KnowEase/controllers/like.go:165.2,165.100 1 0
KnowEase/controllers/like.go:165.100,168.3 2 0
KnowEase/controllers/like.go:169.2,169.67 1 0
KnowEase/controllers/like.go:184.55,188.44 4 0
KnowEase/controllers/like.go:188.44,191.3 2 0
KnowEase/controllers/like.go:192.2,192.102 1 0
KnowEase/controllers/like.go:192.102,195.3 2 0
KnowEase/controllers/like.go:196.2,196.67 1 0
KnowEase/controllers/like.go:211.58,214.32 3 0
KnowEase/controllers/like.go:214.32,217.3 2 0
KnowEase/controllers/like.go:218.2,219.16 2 0
KnowEase/controllers/like.go:219.16,222.3 2 0
KnowEase/controllers/like.go:223.2,224.30 2 0
KnowEase/controllers/like.go:224.30,226.3 1 0
KnowEase/controllers/like.go:227.2,228.16 2 0
KnowEase/controllers/like.go:228.16,231.3 2 0
KnowEase/controllers/like.go:232.2,235.4 1 0
KnowEase/controllers/like.go:249.58,252.32 3 0
KnowEase/controllers/like.go:252.32,255.3 2 0
KnowEase/controllers/like.go:256.2,257.16 2 0
KnowEase/controllers/like.go:257.16,260.3 2 0
KnowEase/controllers/like.go:261.2,262.30 2 0
KnowEase/controllers/like.go:262.30,264.3 1 0
KnowEase/controllers/like.go:265.2,266.16 2 0
KnowEase/controllers/like.go:266.16,269.3 2 0
KnowEase/controllers/like.go:270.2,273.4 1 0
KnowEase/controllers/like.go:289.56,294.63 5 0
KnowEase/controllers/like.go:294.63,297.3 2 0
KnowEase/controllers/like.go:298.2,298.108 1 0
KnowEase/controllers/like.go:298.108,301.3 2 0
KnowEase/controllers/like.go:302.2,304.17 3 0
KnowEase/controllers/like.go:304.17,306.3 1 0
KnowEase/controllers/like.go:307.2,308.114 2 0
KnowEase/controllers/like.go:308.114,310.3 1 0
KnowEase/controllers/like.go:311.2,311.67 1 0
KnowEase/controllers/like.go:326.62,330.47 4 0
KnowEase/controllers/like.go:330.47,333.3 2 0
KnowEase/controllers/like.go:334.2,334.110 1 0
KnowEase/controllers/like.go:334.110,337.3 2 0
KnowEase/controllers/like.go:338.2,338.67 1 0
KnowEase/controllers/like.go:354.54,359.61 5 0
KnowEase/controllers/like.go:359.61,362.3 2 0
KnowEase/controllers/like.go:363.2,363.106 1 0
KnowEase/controllers/like.go:363.106,366.3 2 0
KnowEase/controllers/like.go:367.2,369.17 3 0
KnowEase/controllers/like.go:369.17,371.3 1 0
KnowEase/controllers/like.go:372.2,373.108 2 0
KnowEase/controllers/like.go:373.108,375.3 1 0
KnowEase/controllers/like.go:376.2,376.67 1 0
KnowEase/controllers/like.go:391.60,395.45 4 0
KnowEase/controllers/like.go:395.45,398.3 2 0
KnowEase/controllers/like.go:399.2,399.106 1 0
KnowEase/controllers/like.go:399.106,402.3 2 0
KnowEase/controllers/like.go:403.2,403.67 1 0
KnowEase/controllers/like.go:415.58,417.18 2 0
KnowEase/controllers/like.go:417.18,420.3 2 0
KnowEase/controllers/like.go:421.2,424.47 4 0
KnowEase/controllers/like.go:424.47,427.3 2 0
KnowEase/controllers/like.go:428.2,428.105 1 0
KnowEase/controllers/like.go:440.61,442.21 2 0
KnowEase/controllers/like.go:442.21,445.3 2 0
KnowEase/controllers/like.go:446.2,447.16 2 0
KnowEase/controllers/like.go:447.16,449.3 1 0
KnowEase/controllers/like.go:450.2,450.54 1 0
KnowEase/controllers/like.go:462.59,464.19 2 0
KnowEase/controllers/like.go:464.19,467.3 2 0
KnowEase/controllers/like.go:468.2,469.16 2 0
KnowEase/controllers/like.go:469.16,471.3 1 0
KnowEase/controllers/like.go:472.2,472.54 1 0
KnowEase/controllers/like.go:476.64,478.2 1 0
KnowEase/controllers/like.go:492.55,495.38 3 0
KnowEase/controllers/like.go:495.38,498.3 2 0
KnowEase/controllers/like.go:499.2,499.66 1 0
KnowEase/controllers/like.go:499.66,502.3 2 0
KnowEase/controllers/like.go:503.2,505.105 3 0
KnowEase/controllers/like.go:505.105,507.3 1 0
KnowEase/controllers/like.go:508.2,508.61 1 0
KnowEase/controllers/like.go:522.61,525.38 3 0
KnowEase/controllers/like.go:525.38,528.3 2 0
KnowEase/controllers/like.go:529.2,529.72 1 0
KnowEase/controllers/like.go:529.72,532.3 2 0
KnowEase/controllers/like.go:533.2,533.67 1 0
KnowEase/controllers/like.go:546.60,548.18 2 0
KnowEase/controllers/like.go:548.18,551.3 2 0
KnowEase/controllers/like.go:552.2,553.16 2 0
KnowEase/controllers/like.go:553.16,556.3 2 0
KnowEase/controllers/like.go:557.2,557.103 1 0
KnowEase/controllers/like.go:570.60,572.18 2 0
KnowEase/controllers/like.go:572.18,575.3 2 0
KnowEase/controllers/like.go:576.2,577.16 2 0
KnowEase/controllers/like.go:577.16,580.3 2 0
KnowEase/controllers/like.go:581.2,581.103 1 0
KnowEase/controllers/like.go:594.58,597.34 3 0
KnowEase/controllers/like.go:597.34,600.3 2 0
KnowEase/controllers/like.go:601.2,603.82 3 0
KnowEase/controllers/like.go:616.61,619.37 3 0
KnowEase/controllers/like.go:619.37,622.3 2 0
KnowEase/controllers/like.go:623.2,624.56 2 0
KnowEase/controllers/like.go:637.59,640.35 3 0
KnowEase/controllers/like.go:640.35,643.3 2 0
KnowEase/controllers/like.go:644.2,645.56 2 0
KnowEase/controllers/like.go:658.60,661.38 3 0
KnowEase/controllers/like.go:661.38,664.3 2 0
KnowEase/controllers/like.go:665.2,666.60 2 0
KnowEase/controllers/post.go:21.184,23.2 1 0
KnowEase/controllers/post.go:37.60,40.18 3 0
KnowEase/controllers/post.go:40.18,43.3 2 0
KnowEase/controllers/post.go:44.2,44.42 1 0
KnowEase/controllers/post.go:44.42,47.3 2 0
KnowEase/controllers/post.go:48.2,49.6 2 0
KnowEase/controllers/post.go:49.6,53.36 3 0
KnowEase/controllers/post.go:53.36,54.9 1 0
KnowEase/controllers/post.go:57.2,58.16 2 0
KnowEase/controllers/post.go:58.16,61.3 2 0
KnowEase/controllers/post.go:62.2,64.57 3 0
KnowEase/controllers/post.go:64.57,67.3 2 0
KnowEase/controllers/post.go:68.2,68.86 1 0
KnowEase/controllers/post.go:81.55,83.18 2 0
KnowEase/controllers/post.go:83.18,86.3 2 0
KnowEase/controllers/post.go:87.2,87.58 1 0
KnowEase/controllers/post.go:87.58,90.3 2 0
KnowEase/controllers/post.go:91.2,91.61 1 0
KnowEase/controllers/post.go:104.56,106.42 2 0
KnowEase/controllers/post.go:106.42,109.3 2 0
KnowEase/controllers/post.go:110.2,111.70 2 0
KnowEase/controllers/post.go:111.70,114.3 2 0
KnowEase/controllers/post.go:115.2,115.60 1 0
KnowEase/controllers/post.go:115.60,118.3 2 0
KnowEase/controllers/post.go:119.2,119.73 1 0
KnowEase/controllers/post.go:132.63,134.18 2 0
KnowEase/controllers/post.go:134.18,137.3 2 0
KnowEase/controllers/post.go:138.2,139.16 2 0
KnowEase/controllers/post.go:139.16,142.3 2 0
KnowEase/controllers/post.go:143.2,144.39 2 0
KnowEase/controllers/post.go:144.39,146.3 1 0
KnowEase/controllers/post.go:147.2,148.16 2 0
KnowEase/controllers/post.go:148.16,151.3 2 0
KnowEase/controllers/post.go:152.2,152.92 1 0
KnowEase/controllers/post.go:165.55,167.18 2 0
KnowEase/controllers/post.go:167.18,170.3 2 0
KnowEase/controllers/post.go:171.2,172.16 2 0
KnowEase/controllers/post.go:172.16,175.3 2 0
KnowEase/controllers/post.go:177.2,177.91 1 0
KnowEase/controllers/post.go:190.53,192.18 2 0
KnowEase/controllers/post.go:192.18,195.3 2 0
KnowEase/controllers/post.go:196.2,197.16 2 0
KnowEase/controllers/post.go:197.16,200.3 2 0
KnowEase/controllers/post.go:201.2,201.91 1 0
KnowEase/controllers/post.go:214.53,216.18 2 0
KnowEase/controllers/post.go:216.18,219.3 2 0
KnowEase/controllers/post.go:220.2,221.16 2 0
KnowEase/controllers/post.go:221.16,224.3 2 0
KnowEase/controllers/post.go:225.2,225.91 1 0
KnowEase/controllers/post.go:238.54,240.18 2 0
KnowEase/controllers/post.go:240.18,243.3 2 0
KnowEase/controllers/post.go:244.2,245.16 2 0
KnowEase/controllers/post.go:245.16,248.3 2 0
KnowEase/controllers/post.go:249.2,249.91 1 0
KnowEase/controllers/post.go:263.59,267.34 4 0
KnowEase/controllers/post.go:267.34,270.3 2 0
KnowEase/controllers/post.go:271.2,271.42 1 0
KnowEase/controllers/post.go:271.42,274.3 2 0
KnowEase/controllers/post.go:275.2,277.6 3 0
KnowEase/controllers/post.go:277.6,282.70 4 0
KnowEase/controllers/post.go:282.70,283.9 1 0
KnowEase/controllers/post.go:286.2,287.16 2 0
KnowEase/controllers/post.go:287.16,290.3 2 0
KnowEase/controllers/post.go:291.2,293.60 3 0
KnowEase/controllers/post.go:293.60,296.3 2 0
KnowEase/controllers/post.go:297.2,300.115 4 0
KnowEase/controllers/post.go:300.115,302.3 1 0
KnowEase/controllers/post.go:303.2,303.95 1 0
KnowEase/controllers/post.go:316.58,318.21 2 0
KnowEase/controllers/post.go:318.21,321.3 2 0
KnowEase/controllers/post.go:322.2,322.64 1 0
KnowEase/controllers/post.go:322.64,325.3 2 0
KnowEase/controllers/post.go:326.2,326.65 1 0
KnowEase/controllers/post.go:326.65,329.3 2 0
KnowEase/controllers/post.go:330.2,330.67 1 0
KnowEase/controllers/post.go:345.57,348.53 3 0
KnowEase/controllers/post.go:348.53,351.3 2 0
KnowEase/controllers/post.go:352.2,352.42 1 0
KnowEase/controllers/post.go:352.42,355.3 2 0
KnowEase/controllers/post.go:356.2,359.6 4 0
KnowEase/controllers/post.go:359.6,364.70 4 0
KnowEase/controllers/post.go:364.70,365.9 1 0
KnowEase/controllers/post.go:368.2,369.16 2 0
KnowEase/controllers/post.go:369.16,372.3 2 0
KnowEase/controllers/post.go:373.2,375.58 3 0
KnowEase/controllers/post.go:375.58,378.3 2 0
KnowEase/controllers/post.go:379.2,383.114 5 0
KnowEase/controllers/post.go:383.114,385.3 1 0
KnowEase/controllers/post.go:386.2,386.93 1 0
KnowEase/controllers/post.go:399.56,401.19 2 0
KnowEase/controllers/post.go:401.19,404.3 2 0
KnowEase/controllers/post.go:405.2,405.60 1 0
KnowEase/controllers/post.go:405.60,408.3 2 0
KnowEase/controllers/post.go:410.2,410.63 1 0
KnowEase/controllers/post.go:410.63,413.3 2 0
KnowEase/controllers/post.go:414.2,414.67 1 0
KnowEase/controllers/post.go:427.59,430.34 3 0
KnowEase/controllers/post.go:430.34,433.3 2 0
KnowEase/controllers/post.go:434.2,436.16 3 0
KnowEase/controllers/post.go:436.16,439.3 2 0
KnowEase/controllers/post.go:440.2,440.101 1 0
KnowEase/controllers/post.go:454.69,456.18 2 0
KnowEase/controllers/post.go:456.18,459.3 2 0
KnowEase/controllers/post.go:460.2,461.16 2 0
KnowEase/controllers/post.go:461.16,464.3 2 0
KnowEase/controllers/post.go:466.2,467.96 2 0
KnowEase/controllers/post.go:481.72,483.18 2 0
KnowEase/controllers/post.go:483.18,486.3 2 0
KnowEase/controllers/post.go:487.2,488.16 2 0
KnowEase/controllers/post.go:488.16,491.3 2 0
KnowEase/controllers/post.go:493.2,494.96 2 0
KnowEase/controllers/post.go:508.71,510.18 2 0
KnowEase/controllers/post.go:510.18,513.3 2 0
KnowEase/controllers/post.go:514.2,515.16 2 0
KnowEase/controllers/post.go:515.16,518.3 2 0
KnowEase/controllers/post.go:520.2,521.96 2 0
KnowEase/controllers/post.go:532.53,534.16 2 0
KnowEase/controllers/post.go:534.16,537.3 2 0
KnowEase/controllers/post.go:538.2,539.16 2 0
KnowEase/controllers/post.go:539.16,542.3 2 0
KnowEase/controllers/post.go:543.2,543.46 1 0
KnowEase/controllers/post.go:556.57,558.18 2 0
KnowEase/controllers/post.go:558.18,561.3 2 0
KnowEase/controllers/post.go:562.2,563.16 2 0
KnowEase/controllers/post.go:563.16,566.3 2 0
KnowEase/controllers/post.go:567.2,570.4 1 0
KnowEase/controllers/search.go:18.84,20.2 1 1
KnowEase/controllers/search.go:32.53,34.44 2 3
KnowEase/controllers/search.go:34.44,38.3 2 1
KnowEase/controllers/search.go:39.2,41.32 3 2
KnowEase/controllers/search.go:41.32,45.3 3 1
KnowEase/controllers/search.go:46.2,50.4 1 1
KnowEase/controllers/search.go:64.66,66.18 2 4
KnowEase/controllers/search.go:66.18,69.3 2 1
KnowEase/controllers/search.go:70.2,71.16 2 3
KnowEase/controllers/search.go:71.16,74.3 2 2
KnowEase/controllers/search.go:75.2,76.91 2 1
KnowEase/controllers/search.go:89.65,91.18 2 4
KnowEase/controllers/search.go:91.18,94.3 2 1
KnowEase/controllers/search.go:95.2,96.16 2 3
KnowEase/controllers/search.go:96.16,99.3 2 2
KnowEase/controllers/search.go:100.2,101.33 2 1
KnowEase/controllers/search.go:101.33,103.3 1 1
KnowEase/controllers/search.go:104.2,104.18 1 1
KnowEase/controllers/search.go:104.18,106.3 1 0
KnowEase/controllers/search.go:107.2,108.16 2 1
KnowEase/controllers/search.go:108.16,111.3 2 0
KnowEase/controllers/search.go:112.2,113.16 2 1
KnowEase/controllers/search.go:113.16,116.3 2 0
KnowEase/controllers/search.go:117.2,117.101 1 1
KnowEase/controllers/search.go:130.63,132.45 2 3
KnowEase/controllers/search.go:132.45,135.3 2 1
KnowEase/controllers/search.go:136.2,137.16 2 2
KnowEase/controllers/search.go:137.16,140.3 2 1
KnowEase/controllers/search.go:141.2,141.79 1 1
KnowEase/controllers/search.go:154.66,156.18 2 3
KnowEase/controllers/search.go:156.18,159.3 2 1
KnowEase/controllers/search.go:160.2,161.16 2 2
KnowEase/controllers/search.go:161.16,164.3 2 1
KnowEase/controllers/search.go:165.2,165.79 1 1
KnowEase/controllers/search.go:176.57,178.16 2 1
KnowEase/controllers/search.go:178.16,181.3 2 0
KnowEase/controllers/search.go:182.2,182.86 1 1
KnowEase/controllers/search.go:196.63,198.44 2 5
KnowEase/controllers/search.go:198.44,201.3 2 1
KnowEase/controllers/search.go:202.2,203.16 2 4
KnowEase/controllers/search.go:203.16,206.3 2 0
KnowEase/controllers/search.go:207.2,207.95 1 2
KnowEase/controllers/user.go:18.151,20.2 1 0
KnowEase/controllers/user.go:34.61,36.43 2 0
KnowEase/controllers/user.go:36.43,39.3 2 0
KnowEase/controllers/user.go:40.2,40.61 1 0
KnowEase/controllers/user.go:40.61,43.3 2 0
KnowEase/controllers/user.go:44.2,44.74 1 0
KnowEase/controllers/user.go:44.74,48.3 3 0
KnowEase/controllers/user.go:49.2,49.71 1 0
KnowEase/controllers/user.go:64.58,66.43 2 0
KnowEase/controllers/user.go:66.43,69.3 2 0
KnowEase/controllers/user.go:70.2,70.58 1 0
KnowEase/controllers/user.go:70.58,73.3 2 0
KnowEase/controllers/user.go:74.2,74.74 1 0
KnowEase/controllers/user.go:74.74,78.3 3 0
KnowEase/controllers/user.go:79.2,79.71 1 0
KnowEase/controllers/user.go:93.64,95.42 2 0
KnowEase/controllers/user.go:95.42,98.3 2 0
KnowEase/controllers/user.go:99.2,99.61 1 0
KnowEase/controllers/user.go:99.61,103.3 3 0
KnowEase/controllers/user.go:104.2,104.65 1 0
KnowEase/controllers/user.go:119.60,121.42 2 0
KnowEase/controllers/user.go:121.42,124.3 2 0
KnowEase/controllers/user.go:125.2,125.61 1 0
KnowEase/controllers/user.go:125.61,129.3 3 0
KnowEase/controllers/user.go:130.2,131.16 2 0
KnowEase/controllers/user.go:131.16,133.3 1 0
KnowEase/controllers/user.go:134.2,135.96 2 0
KnowEase/controllers/user.go:150.52,152.42 2 0
KnowEase/controllers/user.go:152.42,154.3 1 0
KnowEase/controllers/user.go:156.2,160.6 3 0
KnowEase/controllers/user.go:160.6,162.36 2 0
KnowEase/controllers/user.go:162.36,163.9 1 0
KnowEase/controllers/user.go:167.2,169.54 3 0
KnowEase/controllers/user.go:169.54,172.3 2 0
KnowEase/controllers/user.go:173.2,175.99 2 0
KnowEase/controllers/user.go:190.59,192.42 2 0
KnowEase/controllers/user.go:192.42,195.3 2 0
KnowEase/controllers/user.go:196.2,197.16 2 0
KnowEase/controllers/user.go:197.16,200.3 2 0
KnowEase/controllers/user.go:201.2,201.94 1 0
KnowEase/controllers/user.go:201.94,204.3 2 0
KnowEase/controllers/user.go:205.2,206.105 2 0
KnowEase/controllers/user.go:220.59,222.43 2 0
KnowEase/controllers/user.go:222.43,225.3 2 0
KnowEase/controllers/user.go:226.2,226.74 1 0
KnowEase/controllers/user.go:226.74,229.3 2 0
KnowEase/controllers/user.go:230.2,230.71 1 0
KnowEase/controllers/user.go:244.61,246.42 2 0
KnowEase/controllers/user.go:246.42,249.3 2 0
KnowEase/controllers/user.go:250.2,250.61 1 0
KnowEase/controllers/user.go:250.61,253.3 2 0
KnowEase/controllers/user.go:254.2,254.65 1 0
KnowEase/controllers/user.go:269.58,271.42 2 0
KnowEase/controllers/user.go:271.42,274.3 2 0
KnowEase/controllers/user.go:275.2,276.16 2 0
KnowEase/controllers/user.go:276.16,279.3 2 0
KnowEase/controllers/user.go:280.2,280.84 1 0
KnowEase/controllers/user.go:280.84,283.3 2 0
KnowEase/controllers/user.go:284.2,284.67 1 0
KnowEase/controllers/user.go:297.51,300.23 2 0
KnowEase/controllers/user.go:300.23,303.3 2 0
KnowEase/controllers/user.go:304.2,304.58 1 0
KnowEase/controllers/user.go:304.58,306.3 1 0
KnowEase/controllers/user.go:307.2,308.16 2 0
KnowEase/controllers/user.go:308.16,311.3 2 0
KnowEase/controllers/user.go:312.2,312.61 1 0
KnowEase/controllers/user.go:326.65,328.52 2 0
KnowEase/controllers/user.go:328.52,331.3 2 0
KnowEase/controllers/user.go:332.2,333.29 2 0
KnowEase/controllers/user.go:333.29,336.3 2 0
KnowEase/controllers/user.go:337.2,337.113 1 0
KnowEase/controllers/user.go:337.113,340.3 2 0
KnowEase/controllers/user.go:341.2,341.116 1 0
KnowEase/controllers/user.go:355.62,357.42 2 0
KnowEase/controllers/user.go:357.42,360.3 2 0
KnowEase/controllers/user.go:361.2,362.19 2 0
KnowEase/controllers/user.go:362.19,365.3 2 0
KnowEase/controllers/user.go:366.2,366.81 1 0
KnowEase/controllers/user.go:366.81,369.3 2 0
KnowEase/controllers/user.go:370.2,370.107 1 0
KnowEase/controllers/user.go:385.63,387.42 2 0
KnowEase/controllers/user.go:387.42,390.3 2 0
KnowEase/controllers/user.go:391.2,392.19 2 0
KnowEase/controllers/user.go:392.19,395.3 2 0
KnowEase/controllers/user.go:396.2,396.78 1 0
KnowEase/controllers/user.go:396.78,399.3 2 0
KnowEase/controllers/user.go:400.2,400.64 1 0
KnowEase/controllers/user.go:414.58,416.43 2 0
KnowEase/controllers/user.go:416.43,419.3 2 0
KnowEase/controllers/user.go:420.2,420.74 1 0
KnowEase/controllers/user.go:420.74,424.3 3 0
KnowEase/controllers/user.go:425.2,425.71 1 0
KnowEase/controllers/user.go:441.59,443.42 2 0
KnowEase/controllers/user.go:443.42,446.3 2 0
KnowEase/controllers/user.go:447.2,448.18 2 0
KnowEase/controllers/user.go:448.18,451.3 2 0
KnowEase/controllers/user.go:452.2,452.61 1 0
KnowEase/controllers/user.go:452.61,456.3 3 0
KnowEase/controllers/user.go:457.2,457.74 1 0
KnowEase/controllers/user.go:457.74,460.3 2 0
KnowEase/controllers/user.go:461.2,461.93 1 0
KnowEase/controllers/user.go:476.59,478.42 2 0
KnowEase/controllers/user.go:478.42,481.3 2 0
KnowEase/controllers/user.go:482.2,483.19 2 0
KnowEase/controllers/user.go:483.19,486.3 2 0
KnowEase/controllers/user.go:487.2,487.78 1 0
KnowEase/controllers/user.go:487.78,490.3 2 0
KnowEase/controllers/user.go:491.2,491.104 1 0
KnowEase/controllers/user.go:505.59,507.18 2 0
KnowEase/controllers/user.go:507.18,510.3 2 0
KnowEase/controllers/user.go:511.2,512.16 2 0
KnowEase/controllers/user.go:512.16,515.3 2 0
KnowEase/controllers/user.go:516.2,516.213 1 0
